wandb: Currently logged in as: zoematr (vae-seminar) to https://api.wandb.ai. Use `wandb login --relogin` to force relogin
wandb: setting up run tfd3zo5t
wandb: Tracking run with wandb version 0.23.1
wandb: Run data is saved locally in /Users/zoe/Desktop/VAEs/beta-tcvae/wandb/run-20260108_145709-tfd3zo5t
wandb: Run `wandb offline` to turn off syncing.
wandb: Syncing run mws-bs1024_seed0
wandb: ⭐️ View project at https://wandb.ai/vae-seminar/beta-tcvae
wandb: 🚀 View run at https://wandb.ai/vae-seminar/beta-tcvae/runs/tfd3zo5t
Running main
[iteration 050] time: 0.33 	beta 6.00 	lambda 0.00 training ELBO: -553.6893 (-1116.3283)
Active units: 0,1,2,3,4,5,7,8,9
Number of active units: 9/10
[iteration 100] time: 0.44 	beta 6.00 	lambda 0.00 training ELBO: -438.1780 (-609.2192)
Active units: 0,8,9
Number of active units: 3/10
Computing q(z|x) distributions.
Traceback (most recent call last):
  File "/Users/zoe/Desktop/VAEs/beta-tcvae/vae_quant.py", line 581, in <module>
    main()
  File "/Users/zoe/Desktop/VAEs/beta-tcvae/vae_quant.py", line 542, in main
    elbo_decomposition(vae, dataset_loader)
  File "/Users/zoe/Desktop/VAEs/beta-tcvae/elbo_decomposition.py", line 103, in elbo_decomposition
    xs = Variable(xs.view(batch_size, -1, 64, 64).cuda(), volatile=True)
                  ^^^^^^^^^^^^^^^^^^^^^^^^^^^^^^^^^^^^^^
  File "/Users/zoe/Desktop/VAEs/beta-tcvae/.venv/lib/python3.11/site-packages/torch/cuda/__init__.py", line 403, in _lazy_init
    raise AssertionError("Torch not compiled with CUDA enabled")
AssertionError: Torch not compiled with CUDA enabled
[1;34mwandb[0m: 
[1;34mwandb[0m: 🚀 View run [33mmws-bs1024_seed0[0m at: [34m[0m
[1;34mwandb[0m: Find logs at: [1;35mwandb/run-20260108_145709-tfd3zo5t/logs[0m
