wandb: Currently logged in as: zoematr (vae-seminar) to https://api.wandb.ai. Use `wandb login --relogin` to force relogin
wandb: setting up run kl9jk3ah
wandb: Tracking run with wandb version 0.23.1
wandb: Run data is saved locally in /Users/zoe/Desktop/VAEs/beta-tcvae/wandb/run-20260108_145514-kl9jk3ah
wandb: Run `wandb offline` to turn off syncing.
wandb: Syncing run mws-bs512_seed0
wandb: ⭐️ View project at https://wandb.ai/vae-seminar/beta-tcvae
wandb: 🚀 View run at https://wandb.ai/vae-seminar/beta-tcvae/runs/kl9jk3ah
Running main
[iteration 050] time: 0.36 	beta 6.00 	lambda 0.00 training ELBO: -546.9019 (-1116.0337)
Active units: 0,1,2,3,4,5,8,9
Number of active units: 8/10
[iteration 100] time: 0.32 	beta 6.00 	lambda 0.00 training ELBO: -415.0852 (-609.3089)
Active units: 0,1,2,3,4,5,6,7,8,9
Number of active units: 10/10
Computing q(z|x) distributions.
Traceback (most recent call last):
  File "/Users/zoe/Desktop/VAEs/beta-tcvae/vae_quant.py", line 581, in <module>
    main()
  File "/Users/zoe/Desktop/VAEs/beta-tcvae/vae_quant.py", line 542, in main
    elbo_decomposition(vae, dataset_loader)
  File "/Users/zoe/Desktop/VAEs/beta-tcvae/elbo_decomposition.py", line 103, in elbo_decomposition
    xs = Variable(xs.view(batch_size, -1, 64, 64).cuda(), volatile=True)
                  ^^^^^^^^^^^^^^^^^^^^^^^^^^^^^^^^^^^^^^
  File "/Users/zoe/Desktop/VAEs/beta-tcvae/.venv/lib/python3.11/site-packages/torch/cuda/__init__.py", line 403, in _lazy_init
    raise AssertionError("Torch not compiled with CUDA enabled")
AssertionError: Torch not compiled with CUDA enabled
[1;34mwandb[0m: 
[1;34mwandb[0m: 🚀 View run [33mmws-bs512_seed0[0m at: [34m[0m
[1;34mwandb[0m: Find logs at: [1;35mwandb/run-20260108_145514-kl9jk3ah/logs[0m
